[5020] [NRM] [VoiceChat] [External(0)] [External()] [2024-10-18T21:05:11.614Z]: ==[VC] Client begin initialize
[5020] [NRM] [VoiceChat] [External(0)] [External()] [2024-10-18T21:05:11.632Z]: ==[VC] Client initialized
[5020] [NRM] [VoiceChat] [External(0)] [External()] [2024-10-18T21:05:11.632Z]: ==[VC] DetermineVoiceChatAudioDevices
[5020] [NRM] [VoiceChat] [External(0)] [External()] [2024-10-18T21:05:13.143Z]: ==[VC] Devices started
[5020] [NRM] [VoiceChat] [External(0)] [External()] [2024-10-18T21:05:13.143Z]: ==[VC] Client started
[5020] [NRM] [VoiceChat] [External(0)] [External()] [2024-10-18T21:05:13.144Z]: ==[VC] SetTargetOutputDevice Speakers (G432 Gaming Headset)
[5020] [NRM] [VoiceChat] [External(0)] [External()] [2024-10-18T21:05:13.144Z]: ==[VC] SetTargetInputDevice Microphone (Yeti X)
[5020] [NRM] [VoiceChat] [External(0)] [External()] [2024-10-18T21:05:13.252Z]: #=[VC] ResponseGetOutputDevices 01 0(0:811c9dc5) (Default System Device|Default System Device) ({0.0.0.00000000}.{e4fcf9d4-ec01-4b6c-b782-2e0b262154a0}|Speakers (G432 Gaming Headset)) ({0.0.0.00000000}.{e4fcf9d4-ec01-4b6c-b782-2e0b262154a0}|Speakers (G432 Gaming Headset)) ({0.0.0.00000000}.{f0208920-b408-4578-8187-d5f9a1ce933a}|Speakers (Yeti X))
[5020] [NRM] [VoiceChat] [External(0)] [External()] [2024-10-18T21:05:13.252Z]: ==[VC] Output devices added [(Default Communication Device|Default Communication Device),(Default System Device|Default System Device),(No Device|No Device),({0.0.0.00000000}.{6aa8b152-6192-4092-b0af-9087941e38eb}|VG280K (NVIDIA High Definition Audio)),({0.0.0.00000000}.{e4fcf9d4-ec01-4b6c-b782-2e0b262154a0}|Speakers (G432 Gaming Headset)),({0.0.0.00000000}.{ed11b98b-6124-4fcb-9388-20aa81f28665}|Digital Audio (S/PDIF) (High Definition Audio Device)),({0.0.0.00000000}.{f0208920-b408-4578-8187-d5f9a1ce933a}|Speakers (Yeti X))]
[5020] [NRM] [VoiceChat] [External(0)] [External()] [2024-10-18T21:05:13.252Z]: ==[VC] New active output device (Default System Device|Default System Device)
[5020] [NRM] [VoiceChat] [External(0)] [External()] [2024-10-18T21:05:13.288Z]: ==[VC] SetTargetOutputDevice Speakers (G432 Gaming Headset)
[5020] [NRM] [VoiceChat] [External(0)] [External()] [2024-10-18T21:05:13.289Z]: ==[VC] SetTargetInputDevice Microphone (Yeti X)
[5020] [NRM] [VoiceChat] [External(0)] [External()] [2024-10-18T21:05:13.290Z]: #=[VC] ResponseGetInputDevices 01 0(0:811c9dc5) (Default System Device|Default System Device) ({0.0.1.00000000}.{753ec69b-8508-48dc-b2f1-6a9331832808}|Microphone (Yeti X)) ({0.0.1.00000000}.{753ec69b-8508-48dc-b2f1-6a9331832808}|Microphone (Yeti X)) ({0.0.1.00000000}.{753ec69b-8508-48dc-b2f1-6a9331832808}|Microphone (Yeti X))
[5020] [NRM] [VoiceChat] [External(0)] [External()] [2024-10-18T21:05:13.290Z]: ==[VC] Input devices added [(Default Communication Device|Default Communication Device),(Default System Device|Default System Device),(No Device|No Device),({0.0.1.00000000}.{753ec69b-8508-48dc-b2f1-6a9331832808}|Microphone (Yeti X)),({0.0.1.00000000}.{edcaa9e7-3cc2-4d23-9036-62fcfc446970}|Microphone (G432 Gaming Headset))]
[5020] [NRM] [VoiceChat] [External(0)] [External()] [2024-10-18T21:05:13.290Z]: ==[VC] New active input device (Default System Device|Default System Device)
[5020] [NRM] [VoiceChat] [External(0)] [External()] [2024-10-18T21:05:13.304Z]: ==[VC] SetTargetOutputDevice Speakers (G432 Gaming Headset)
[5020] [NRM] [VoiceChat] [External(0)] [External()] [2024-10-18T21:05:13.305Z]: ==[VC] SetTargetInputDevice Microphone (Yeti X)
[5020] [NRM] [VoiceChat] [External(0)] [External()] [2024-10-18T21:05:13.385Z]: #=[VC] ResponseGetOutputDevices 01 0(0:811c9dc5) (Default System Device|Default System Device) ({0.0.0.00000000}.{e4fcf9d4-ec01-4b6c-b782-2e0b262154a0}|Speakers (G432 Gaming Headset)) ({0.0.0.00000000}.{e4fcf9d4-ec01-4b6c-b782-2e0b262154a0}|Speakers (G432 Gaming Headset)) ({0.0.0.00000000}.{f0208920-b408-4578-8187-d5f9a1ce933a}|Speakers (Yeti X))
[5020] [NRM] [VoiceChat] [External(0)] [External()] [2024-10-18T21:05:13.418Z]: #=[VC] ResponseGetInputDevices 01 0(0:811c9dc5) (Default System Device|Default System Device) ({0.0.1.00000000}.{753ec69b-8508-48dc-b2f1-6a9331832808}|Microphone (Yeti X)) ({0.0.1.00000000}.{753ec69b-8508-48dc-b2f1-6a9331832808}|Microphone (Yeti X)) ({0.0.1.00000000}.{753ec69b-8508-48dc-b2f1-6a9331832808}|Microphone (Yeti X))
[5020] [NRM] [VoiceChat] [External(0)] [External()] [2024-10-18T21:05:13.468Z]: ==[VC] RequestSetActiveOutputDevice ({0.0.0.00000000}.{e4fcf9d4-ec01-4b6c-b782-2e0b262154a0}|Speakers (G432 Gaming Headset))
[5020] [NRM] [VoiceChat] [External(0)] [External()] [2024-10-18T21:05:13.468Z]: ==[VC] RequestSetActiveInputDevice ({0.0.1.00000000}.{753ec69b-8508-48dc-b2f1-6a9331832808}|Microphone (Yeti X))
[5020] [NRM] [VoiceChat] [External(0)] [External()] [2024-10-18T21:05:13.501Z]: #=[VC] ResponseSetActiveOutputDevice 02 0(0:811c9dc5) 
[5020] [NRM] [VoiceChat] [External(0)] [External()] [2024-10-18T21:05:13.501Z]: ==[VC] New active output device ({0.0.0.00000000}.{e4fcf9d4-ec01-4b6c-b782-2e0b262154a0}|Speakers (G432 Gaming Headset))
[5020] [NRM] [VoiceChat] [External(0)] [External()] [2024-10-18T21:05:13.501Z]: #=[VC] ResponseSetActiveInputDevice 02 0(0:811c9dc5) 
[5020] [NRM] [VoiceChat] [External(0)] [External()] [2024-10-18T21:05:13.501Z]: ==[VC] New active input device ({0.0.1.00000000}.{753ec69b-8508-48dc-b2f1-6a9331832808}|Microphone (Yeti X))
[5020] [NRM] [VoiceChat] [External(0)] [External()] [2024-10-18T21:05:25.983Z]: #=[VC] Auto-Join Enabled Flags 0000 -> 0005
[5020] [NRM] [VoiceChat] [External(0)] [External()] [2024-10-18T21:05:25.983Z]: #=[VC] Channel Enabled Flags 0000 -> 0005
[5020] [NRM] [VoiceChat] [External(0)] [External()] [2024-10-18T21:06:37.923Z]: #=[VC] VoiceClient::OnDeviceNotification : VG280K (NVIDIA High Definition Audio) 4
[5020] [NRM] [VoiceChat] [External(0)] [External()] [2024-10-18T21:06:37.923Z]: ==[VC] DetermineVoiceChatAudioDevices
[5020] [NRM] [VoiceChat] [External(0)] [External()] [2024-10-18T21:06:37.930Z]: ==[VC] SetTargetOutputDevice VG280K (NVIDIA High Definition Audio)
[5020] [NRM] [VoiceChat] [External(0)] [External()] [2024-10-18T21:06:37.991Z]: #=[VC] ResponseGetOutputDevices 04 0(0:811c9dc5) ({0.0.0.00000000}.{e4fcf9d4-ec01-4b6c-b782-2e0b262154a0}|Speakers (G432 Gaming Headset)) ({0.0.0.00000000}.{e4fcf9d4-ec01-4b6c-b782-2e0b262154a0}|Speakers (G432 Gaming Headset)) ({0.0.0.00000000}.{6aa8b152-6192-4092-b0af-9087941e38eb}|VG280K (NVIDIA High Definition Audio)) ({0.0.0.00000000}.{f0208920-b408-4578-8187-d5f9a1ce933a}|Speakers (Yeti X))
[5020] [NRM] [VoiceChat] [External(0)] [External()] [2024-10-18T21:06:38.041Z]: #=[VC] ResponseGetInputDevices 04 0(0:811c9dc5) ({0.0.1.00000000}.{753ec69b-8508-48dc-b2f1-6a9331832808}|Microphone (Yeti X)) ({0.0.1.00000000}.{753ec69b-8508-48dc-b2f1-6a9331832808}|Microphone (Yeti X)) ({0.0.1.00000000}.{753ec69b-8508-48dc-b2f1-6a9331832808}|Microphone (Yeti X)) ({0.0.1.00000000}.{753ec69b-8508-48dc-b2f1-6a9331832808}|Microphone (Yeti X))
[5020] [NRM] [VoiceChat] [External(0)] [External()] [2024-10-18T21:06:38.108Z]: ==[VC] RequestSetActiveOutputDevice ({0.0.0.00000000}.{6aa8b152-6192-4092-b0af-9087941e38eb}|VG280K (NVIDIA High Definition Audio))
[5020] [NRM] [VoiceChat] [External(0)] [External()] [2024-10-18T21:06:38.124Z]: #=[VC] ResponseSetActiveOutputDevice 03 0(0:811c9dc5) 
[5020] [NRM] [VoiceChat] [External(0)] [External()] [2024-10-18T21:06:38.124Z]: ==[VC] New active output device ({0.0.0.00000000}.{6aa8b152-6192-4092-b0af-9087941e38eb}|VG280K (NVIDIA High Definition Audio))
[5020] [NRM] [VoiceChat] [External(0)] [External()] [2024-10-18T21:09:13.211Z]: #=[VC] ChatSystem switching to new TEAM channel: _?__+ew==__?_
[5020] [NRM] [VoiceChat] [External(0)] [External()] [2024-10-18T21:09:13.211Z]: ==[VC] LeaveAllVoiceChannels()
[5020] [NRM] [VoiceChat] [External(0)] [External()] [2024-10-18T21:09:13.211Z]: ==[VC] JoinVoiceChannel() _?__+ew==__?_ - TEAM - active = 1
[5020] [NRM] [VoiceChat] [External(0)] [External()] [2024-10-18T21:09:13.211Z]: ==[VC] Request channel transmit 1214131743 (true)
[5020] [NRM] [VoiceChat] [External(0)] [External()] [2024-10-18T21:09:13.211Z]: ==[VC] Request join channel TEAM 1214131743 485e2e1f
[5020] [NRM] [VoiceChat] [External(0)] [External()] [2024-10-18T21:09:13.211Z]: #=[VC] __SetTargetActiveChannelType(UNKNOWN -> TEAM) : -2
[5020] [NRM] [VoiceChat] [External(0)] [External()] [2024-10-18T21:09:13.227Z]: ==[VC] Request login 58eb5137
[5020] [NRM] [VoiceChat] [External(0)] [External()] [2024-10-18T21:09:13.227Z]: ==[VC] Login credentials requested
[5020] [NRM] [VoiceChat] [External(0)] [External()] [2024-10-18T21:09:13.576Z]: #=[VC] LoginCredentials 7 0 58eb5137 fcbe37ab 7d33d227
[5020] [NRM] [VoiceChat] [External(0)] [External()] [2024-10-18T21:09:13.576Z]: ==[VC] Connect requested 080206e9 7d33d227
[5020] [NRM] [VoiceChat] [External(0)] [External()] [2024-10-18T21:09:13.993Z]: #=[VC] ResponseConnect 07 0(0:811c9dc5) 080206e9
[5020] [NRM] [VoiceChat] [External(0)] [External()] [2024-10-18T21:09:14.009Z]: ==[VC] Login requested 080206e9 9bd5d047 fcbe37ab 58eb5137
[5020] [NRM] [VoiceChat] [External(0)] [External()] [2024-10-18T21:09:14.076Z]: #=[VC] LoggingIn 00 0(0:811c9dc5) 9bd5d047
[5020] [NRM] [VoiceChat] [External(0)] [External()] [2024-10-18T21:09:14.993Z]: #=[VC] ResponseLogin 07 0(0:811c9dc5) 20854506@4a95b6d2
[5020] [NRM] [VoiceChat] [External(0)] [External()] [2024-10-18T21:09:14.993Z]: #=[VC] LoggedIn 00 0(0:811c9dc5) 9bd5d047
[5020] [NRM] [VoiceChat] [External(0)] [External()] [2024-10-18T21:09:15.010Z]: ==[VC] Login complete 58eb5137 fcbe37ab 9bd5d047 
[5020] [NRM] [VoiceChat] [External(0)] [External()] [2024-10-18T21:09:15.026Z]: ==[VC] SetPushToTalk (true)
[5020] [NRM] [VoiceChat] [External(0)] [External()] [2024-10-18T21:09:15.026Z]: ==[VC] SetPTTVADProperties
[5020] [NRM] [VoiceChat] [External(0)] [External()] [2024-10-18T21:09:15.026Z]: ==[VC] Channel credentials requested TEAM 1214131743
[5020] [NRM] [VoiceChat] [External(0)] [External()] [2024-10-18T21:09:15.043Z]: #=[VC] ResponseGetVADProperties 09 0(0:811c9dc5) hangover 2000 sensitivity 43 noisefloor 576 auto false
[5020] [NRM] [VoiceChat] [External(0)] [External()] [2024-10-18T21:09:15.076Z]: #=[VC] SetOutputVolume 08 0(0:811c9dc5) 
[5020] [NRM] [VoiceChat] [External(0)] [External()] [2024-10-18T21:09:15.076Z]: #=[VC] SetInputVolume 08 0(0:811c9dc5) 
[5020] [NRM] [VoiceChat] [External(0)] [External()] [2024-10-18T21:09:15.076Z]: #=[VC] ResponseSetVADProperties 09 0(0:811c9dc5) 
[5020] [NRM] [VoiceChat] [External(0)] [External()] [2024-10-18T21:09:15.076Z]: ==[VC] SetVADProperties success hangover 2000 sensitivity 0 noisefloor 576 auto false
[5020] [NRM] [VoiceChat] [External(0)] [External()] [2024-10-18T21:09:15.076Z]: #=[VC] MuteInput 08 0(0:811c9dc5) 
[5020] [NRM] [VoiceChat] [External(0)] [External()] [2024-10-18T21:09:15.576Z]: #=[VC] ChannelCredentials 6 0 485e2e1f a028ee0a@4a95b6d2
[5020] [NRM] [VoiceChat] [External(0)] [External()] [2024-10-18T21:09:15.576Z]: ==[VC] Join channel requested 9bd5d047 1214131743 a028ee0a@4a95b6d2
[5020] [NRM] [VoiceChat] [External(0)] [External()] [2024-10-18T21:09:15.610Z]: #=[VC] ResponseJoinChannel 06 0(0:811c9dc5) 1214131743
[5020] [NRM] [VoiceChat] [External(0)] [External()] [2024-10-18T21:09:15.626Z]: #=[VC] ChannelAdded 1214131743 485e2e1f
[5020] [NRM] [VoiceChat] [External(0)] [External()] [2024-10-18T21:09:15.710Z]: #=[VC] ChannelConnection 00 0(0:811c9dc5) 1214131743 485e2e1f Connecting
[5020] [NRM] [VoiceChat] [External(0)] [External()] [2024-10-18T21:09:15.793Z]: #=[VC] MemberAdded 1214131743 485e2e1f 151b9800@4a95b6d2 859bc725 false
[5020] [NRM] [VoiceChat] [External(0)] [External()] [2024-10-18T21:09:15.960Z]: #=[VC] ResponseMuteMember 0a 0(0:811c9dc5) 
[5020] [NRM] [VoiceChat] [External(0)] [External()] [2024-10-18T21:09:15.976Z]: #=[VC] MemberIDUpdate 1214131743 859bc725 3646e627
[5020] [NRM] [VoiceChat] [External(0)] [External()] [2024-10-18T21:09:15.976Z]: ==[VC] Member identity updated 859bc725 3646e627 86a8b3f4
[5020] [NRM] [VoiceChat] [External(0)] [External()] [2024-10-18T21:09:16.043Z]: #=[VC] ChannelConnection 00 0(0:811c9dc5) 1214131743 485e2e1f Connected
[5020] [NRM] [VoiceChat] [External(0)] [External()] [2024-10-18T21:09:16.043Z]: #=[VC] MemberAdded 1214131743 485e2e1f 20854506@4a95b6d2 fcbe37ab true
[5020] [NRM] [VoiceChat] [External(0)] [External()] [2024-10-18T21:09:16.060Z]: ==[VC] Join channel complete 1214131743
[5020] [NRM] [VoiceChat] [External(0)] [External()] [2024-10-18T21:09:16.076Z]: ==[VC] Channel transmit requested 1214131743 (true)
[5020] [NRM] [VoiceChat] [External(0)] [External()] [2024-10-18T21:09:16.093Z]: #=[VC] ResponseStartTransmit 05 0(0:811c9dc5) 1214131743
[5020] [NRM] [VoiceChat] [External(0)] [External()] [2024-10-18T21:09:16.093Z]: ==[VC] OnJoinChannel NONE -> TEAM

[5020] [NRM] [VoiceChat] [External(0)] [External()] [2024-10-18T21:09:16.110Z]: ==[VC] Notified Lobby of Active channel NONE -> TEAM

[5020] [NRM] [VoiceChat] [External(0)] [External()] [2024-10-18T21:09:16.110Z]: ==[VC] Channel transmit set 1214131743 (true)
[5020] [NRM] [VoiceChat] [External(0)] [External()] [2024-10-18T21:09:16.276Z]: #=[VC] MemberIDUpdate 1214131743 fcbe37ab 58eb5137
[5020] [NRM] [VoiceChat] [External(0)] [External()] [2024-10-18T21:09:16.276Z]: ==[VC] Member identity updated fcbe37ab 58eb5137 86a8b3f4
[5020] [NRM] [VoiceChat] [External(0)] [External()] [2024-10-18T21:09:16.326Z]: #=[VC] ResponseMuteMember 0a 0(0:811c9dc5) 
[5020] [NRM] [VoiceChat] [External(0)] [External()] [2024-10-18T21:09:17.110Z]: #=[VC] MemberAdded 1214131743 485e2e1f 40743fbf@4a95b6d2 35770edc false
[5020] [NRM] [VoiceChat] [External(0)] [External()] [2024-10-18T21:09:17.226Z]: #=[VC] ResponseMuteMember 0b 0(0:811c9dc5) 
[5020] [NRM] [VoiceChat] [External(0)] [External()] [2024-10-18T21:09:17.276Z]: #=[VC] MemberIDUpdate 1214131743 35770edc 1fe72e0c
[5020] [NRM] [VoiceChat] [External(0)] [External()] [2024-10-18T21:09:17.276Z]: ==[VC] Member identity updated 35770edc 1fe72e0c 86a8b3f4
[5020] [NRM] [VoiceChat] [External(0)] [External()] [2024-10-18T21:09:17.426Z]: #=[VC] ResponseMuteMember 0c 0(0:811c9dc5) 
[5020] [NRM] [VoiceChat] [External(0)] [External()] [2024-10-18T21:09:17.643Z]: #=[VC] MemberAdded 1214131743 485e2e1f 11d02caf@4a95b6d2 b5b1387e false
[5020] [NRM] [VoiceChat] [External(0)] [External()] [2024-10-18T21:09:17.759Z]: #=[VC] ResponseMuteMember 0d 0(0:811c9dc5) 
[5020] [NRM] [VoiceChat] [External(0)] [External()] [2024-10-18T21:09:17.877Z]: #=[VC] MemberIDUpdate 1214131743 b5b1387e c397785b
[5020] [NRM] [VoiceChat] [External(0)] [External()] [2024-10-18T21:09:17.877Z]: ==[VC] Member identity updated b5b1387e c397785b 86a8b3f4
[5020] [NRM] [VoiceChat] [External(0)] [External()] [2024-10-18T21:09:17.993Z]: #=[VC] ResponseMuteMember 0e 0(0:811c9dc5) 
[5020] [NRM] [VoiceChat] [External(0)] [External()] [2024-10-18T21:11:43.085Z]: ==[VC] DetermineVoiceChatAudioDevices
[5020] [NRM] [VoiceChat] [External(0)] [External()] [2024-10-18T21:17:56.166Z]: #=[VC] MemberRemoved 1214131743 485e2e1f 151b9800@4a95b6d2 859bc725 0
[5020] [NRM] [VoiceChat] [External(0)] [External()] [2024-10-18T21:17:56.266Z]: #=[VC] ResponseMuteMember 0f 0(0:811c9dc5) 
[5020] [ERR] [VoiceChat] [External(0)] [External()] [2024-10-18T21:17:56.266Z]: ==[VC] Member not found for member modify response 1214131743 151b9800@4a95b6d2
[5020] [ERR] [VoiceChat] [External(0)] [External()] [2024-10-18T21:17:56.316Z]: ==[VC] Member not found for member modify 1214131743 151b9800@4a95b6d2
[5020] [NRM] [VoiceChat] [External(0)] [External()] [2024-10-18T21:17:56.400Z]: #=[VC] MemberRemoved 1214131743 485e2e1f 40743fbf@4a95b6d2 35770edc 0
[5020] [NRM] [VoiceChat] [External(0)] [External()] [2024-10-18T21:17:56.417Z]: #=[VC] ResponseMuteMember 10 0(0:811c9dc5) 
[5020] [ERR] [VoiceChat] [External(0)] [External()] [2024-10-18T21:17:56.417Z]: ==[VC] Member not found for member modify response 1214131743 40743fbf@4a95b6d2
[5020] [ERR] [VoiceChat] [External(0)] [External()] [2024-10-18T21:17:56.466Z]: ==[VC] Member not found for member modify 1214131743 40743fbf@4a95b6d2
[5020] [NRM] [VoiceChat] [External(0)] [External()] [2024-10-18T21:18:19.427Z]: #=[VC] ChatSystem leaving TEAM channel: _?__+ew==__?_
[5020] [NRM] [VoiceChat] [External(0)] [External()] [2024-10-18T21:18:19.427Z]: ==[VC] LeaveVoiceChannel() _?__+ew==__?_
[5020] [NRM] [VoiceChat] [External(0)] [External()] [2024-10-18T21:18:19.427Z]: ==[VC] Request leave channel 1214131743
[5020] [NRM] [VoiceChat] [External(0)] [External()] [2024-10-18T21:18:19.427Z]: ==[VC] Leave channel requested 1214131743 485e2e1f
[5020] [NRM] [VoiceChat] [External(0)] [External()] [2024-10-18T21:18:19.436Z]: ==[VC] Notified Lobby of Active channel TEAM -> NONE

[5020] [NRM] [VoiceChat] [External(0)] [External()] [2024-10-18T21:18:19.450Z]: #=[VC] ChannelConnection 00 0(0:811c9dc5) 1214131743 485e2e1f Disconnecting
[5020] [NRM] [VoiceChat] [External(0)] [External()] [2024-10-18T21:18:19.450Z]: #=[VC] ResponseLeaveChannel 11 0(0:811c9dc5) 485e2e1f 1214131743
[5020] [NRM] [VoiceChat] [External(0)] [External()] [2024-10-18T21:18:19.450Z]: #=[VC] ChannelConnection 00 0(0:811c9dc5) 1214131743 485e2e1f Disconnected
[5020] [NRM] [VoiceChat] [External(0)] [External()] [2024-10-18T21:18:19.450Z]: #=[VC] MemberRemoved 1214131743 485e2e1f 20854506@4a95b6d2 fcbe37ab 0
[5020] [NRM] [VoiceChat] [External(0)] [External()] [2024-10-18T21:18:19.484Z]: #=[VC] ChannelRemoved 1214131743 485e2e1f 
[5020] [NRM] [VoiceChat] [External(0)] [External()] [2024-10-18T21:18:19.500Z]: ==[VC] Leave channel complete 1214131743
[5020] [NRM] [VoiceChat] [External(0)] [External()] [2024-10-18T21:18:19.500Z]: #=[VC] ResponseMuteMember 12 1(1001:bd0706aa) 
[5020] [ERR] [VoiceChat] [External(0)] [External()] [2024-10-18T21:18:19.500Z]: ==[VC] MuteMember failed 485e2e1f 11d02caf@4a95b6d2 1(1001:bd0706aa)
[5020] [ERR] [VoiceChat] [External(0)] [External()] [2024-10-18T21:18:19.550Z]: ==[VC] Channel not found for member modify 1214131743 11d02caf@4a95b6d2
[5020] [NRM] [VoiceChat] [External(0)] [External()] [2024-10-18T21:18:21.482Z]: #=[VC] __SetTargetActiveChannelType(TEAM -> UNKNOWN) : 2
[5020] [NRM] [VoiceChat] [External(0)] [External()] [2024-10-18T21:18:24.483Z]: ==[VC] Request logout
[5020] [NRM] [VoiceChat] [External(0)] [External()] [2024-10-18T21:18:24.499Z]: ==[VC] Logout requested 9bd5d047
[5020] [NRM] [VoiceChat] [External(0)] [External()] [2024-10-18T21:18:24.566Z]: #=[VC] ResponseLogout 13 0(0:811c9dc5) 
[5020] [NRM] [VoiceChat] [External(0)] [External()] [2024-10-18T21:18:24.566Z]: #=[VC] LoggingOut 00 0(0:811c9dc5) 9bd5d047
[5020] [NRM] [VoiceChat] [External(0)] [External()] [2024-10-18T21:18:24.566Z]: #=[VC] LoggedOut 00 0(0:811c9dc5) 9bd5d047
[5020] [NRM] [VoiceChat] [External(0)] [External()] [2024-10-18T21:18:24.599Z]: ==[VC] Disconnect requested 080206e9
[5020] [NRM] [VoiceChat] [External(0)] [External()] [2024-10-18T21:18:24.616Z]: #=[VC] ResponseDisconnect 13 0(0:811c9dc5) 
[5020] [NRM] [VoiceChat] [External(0)] [External()] [2024-10-18T21:18:24.632Z]: ==[VC] Disconnect complete
[5020] [NRM] [VoiceChat] [External(0)] [External()] [2024-10-18T21:18:41.633Z]: ==[VC] DetermineVoiceChatAudioDevices
[5020] [NRM] [VoiceChat] [External(0)] [External()] [2024-10-18T21:18:49.617Z]: ==[VC] DetermineVoiceChatAudioDevices
[5020] [NRM] [VoiceChat] [External(0)] [External()] [2024-10-18T21:19:10.934Z]: ==[VC] DetermineVoiceChatAudioDevices
[5020] [NRM] [VoiceChat] [External(0)] [External()] [2024-10-18T21:22:23.338Z]: #=[VC] ChatSystem switching to new TEAM channel: _?__sHQ==__?_
[5020] [NRM] [VoiceChat] [External(0)] [External()] [2024-10-18T21:22:23.338Z]: ==[VC] LeaveAllVoiceChannels()
[5020] [NRM] [VoiceChat] [External(0)] [External()] [2024-10-18T21:22:23.338Z]: ==[VC] JoinVoiceChannel() _?__sHQ==__?_ - TEAM - active = 1
[5020] [NRM] [VoiceChat] [External(0)] [External()] [2024-10-18T21:22:23.338Z]: ==[VC] Request channel transmit 406489132 (true)
[5020] [NRM] [VoiceChat] [External(0)] [External()] [2024-10-18T21:22:23.338Z]: ==[VC] Request join channel TEAM 406489132 183a882c
[5020] [NRM] [VoiceChat] [External(0)] [External()] [2024-10-18T21:22:23.338Z]: #=[VC] __SetTargetActiveChannelType(UNKNOWN -> TEAM) : -2
[5020] [NRM] [VoiceChat] [External(0)] [External()] [2024-10-18T21:22:23.338Z]: ==[VC] Request login 58eb5137
[5020] [NRM] [VoiceChat] [External(0)] [External()] [2024-10-18T21:22:23.338Z]: ==[VC] Login credentials requested
[5020] [NRM] [VoiceChat] [External(0)] [External()] [2024-10-18T21:22:23.687Z]: #=[VC] LoginCredentials 16 0 58eb5137 fcbe37ab 7d33d227
[5020] [NRM] [VoiceChat] [External(0)] [External()] [2024-10-18T21:22:23.687Z]: ==[VC] Connect requested 05020230 7d33d227
[5020] [NRM] [VoiceChat] [External(0)] [External()] [2024-10-18T21:22:24.071Z]: #=[VC] ResponseConnect 16 0(0:811c9dc5) 05020230
[5020] [NRM] [VoiceChat] [External(0)] [External()] [2024-10-18T21:22:24.088Z]: ==[VC] Login requested 05020230 9cd5d1da fcbe37ab 58eb5137
[5020] [NRM] [VoiceChat] [External(0)] [External()] [2024-10-18T21:22:24.154Z]: #=[VC] LoggingIn 00 0(0:811c9dc5) 9cd5d1da
[5020] [NRM] [VoiceChat] [External(0)] [External()] [2024-10-18T21:22:25.038Z]: #=[VC] ResponseLogin 16 0(0:811c9dc5) 20854506@4a95b6d2
[5020] [NRM] [VoiceChat] [External(0)] [External()] [2024-10-18T21:22:25.038Z]: #=[VC] LoggedIn 00 0(0:811c9dc5) 9cd5d1da
[5020] [NRM] [VoiceChat] [External(0)] [External()] [2024-10-18T21:22:25.055Z]: ==[VC] Login complete 58eb5137 fcbe37ab 9cd5d1da 
[5020] [NRM] [VoiceChat] [External(0)] [External()] [2024-10-18T21:22:25.071Z]: ==[VC] Channel credentials requested TEAM 406489132
[5020] [NRM] [VoiceChat] [External(0)] [External()] [2024-10-18T21:22:25.688Z]: #=[VC] ChannelCredentials 15 0 183a882c e3cfa765@4a95b6d2
[5020] [NRM] [VoiceChat] [External(0)] [External()] [2024-10-18T21:22:25.688Z]: ==[VC] Join channel requested 9cd5d1da 406489132 e3cfa765@4a95b6d2
[5020] [NRM] [VoiceChat] [External(0)] [External()] [2024-10-18T21:22:25.722Z]: #=[VC] ResponseJoinChannel 15 0(0:811c9dc5) 406489132
[5020] [NRM] [VoiceChat] [External(0)] [External()] [2024-10-18T21:22:25.738Z]: #=[VC] ChannelAdded 406489132 183a882c
[5020] [NRM] [VoiceChat] [External(0)] [External()] [2024-10-18T21:22:25.807Z]: #=[VC] ChannelConnection 00 0(0:811c9dc5) 406489132 183a882c Connecting
[5020] [NRM] [VoiceChat] [External(0)] [External()] [2024-10-18T21:22:26.122Z]: #=[VC] ChannelConnection 00 0(0:811c9dc5) 406489132 183a882c Connected
[5020] [NRM] [VoiceChat] [External(0)] [External()] [2024-10-18T21:22:26.122Z]: #=[VC] MemberAdded 406489132 183a882c 20854506@4a95b6d2 fcbe37ab true
[5020] [NRM] [VoiceChat] [External(0)] [External()] [2024-10-18T21:22:26.139Z]: ==[VC] Join channel complete 406489132
[5020] [NRM] [VoiceChat] [External(0)] [External()] [2024-10-18T21:22:26.156Z]: ==[VC] Channel transmit requested 406489132 (true)
[5020] [NRM] [VoiceChat] [External(0)] [External()] [2024-10-18T21:22:26.175Z]: #=[VC] ResponseStartTransmit 14 0(0:811c9dc5) 406489132
[5020] [NRM] [VoiceChat] [External(0)] [External()] [2024-10-18T21:22:26.175Z]: ==[VC] OnJoinChannel NONE -> TEAM

[5020] [NRM] [VoiceChat] [External(0)] [External()] [2024-10-18T21:22:26.191Z]: ==[VC] Notified Lobby of Active channel NONE -> TEAM

[5020] [NRM] [VoiceChat] [External(0)] [External()] [2024-10-18T21:22:26.191Z]: ==[VC] Channel transmit set 406489132 (true)
[5020] [NRM] [VoiceChat] [External(0)] [External()] [2024-10-18T21:22:26.290Z]: #=[VC] MemberIDUpdate 406489132 fcbe37ab 58eb5137
[5020] [NRM] [VoiceChat] [External(0)] [External()] [2024-10-18T21:22:26.290Z]: ==[VC] Member identity updated fcbe37ab 58eb5137 86a8b3f4
[5020] [NRM] [VoiceChat] [External(0)] [External()] [2024-10-18T21:22:37.244Z]: #=[VC] MemberAdded 406489132 183a882c 907bb05b@4a95b6d2 ec66d094 false
[5020] [NRM] [VoiceChat] [External(0)] [External()] [2024-10-18T21:22:37.394Z]: #=[VC] MemberIDUpdate 406489132 ec66d094 50007af7
[5020] [NRM] [VoiceChat] [External(0)] [External()] [2024-10-18T21:22:37.394Z]: ==[VC] Member identity updated ec66d094 50007af7 86a8b3f4
[5020] [NRM] [VoiceChat] [External(0)] [External()] [2024-10-18T21:22:37.410Z]: #=[VC] ResponseMuteMember 17 0(0:811c9dc5) 
[5020] [NRM] [VoiceChat] [External(0)] [External()] [2024-10-18T21:22:37.560Z]: #=[VC] ResponseMuteMember 17 0(0:811c9dc5) 
[5020] [NRM] [VoiceChat] [External(0)] [External()] [2024-10-18T21:25:02.877Z]: #=[VC] MuteInput 18 0(0:811c9dc5) 
[5020] [NRM] [VoiceChat] [External(0)] [External()] [2024-10-18T21:25:02.978Z]: #=[VC] MuteInput 18 0(0:811c9dc5) 
[5020] [NRM] [VoiceChat] [External(0)] [External()] [2024-10-18T21:33:42.779Z]: #=[VC] ChatSystem leaving TEAM channel: _?__sHQ==__?_
[5020] [NRM] [VoiceChat] [External(0)] [External()] [2024-10-18T21:33:42.779Z]: ==[VC] LeaveVoiceChannel() _?__sHQ==__?_
[5020] [NRM] [VoiceChat] [External(0)] [External()] [2024-10-18T21:33:42.779Z]: ==[VC] Request leave channel 406489132
[5020] [NRM] [VoiceChat] [External(0)] [External()] [2024-10-18T21:33:42.779Z]: ==[VC] Leave channel requested 406489132 183a882c
[5020] [NRM] [VoiceChat] [External(0)] [External()] [2024-10-18T21:33:42.790Z]: ==[VC] Notified Lobby of Active channel TEAM -> NONE

[5020] [NRM] [VoiceChat] [External(0)] [External()] [2024-10-18T21:33:42.819Z]: #=[VC] ChannelConnection 00 0(0:811c9dc5) 406489132 183a882c Disconnecting
[5020] [NRM] [VoiceChat] [External(0)] [External()] [2024-10-18T21:33:42.819Z]: #=[VC] ResponseLeaveChannel 19 0(0:811c9dc5) 183a882c 406489132
[5020] [NRM] [VoiceChat] [External(0)] [External()] [2024-10-18T21:33:42.819Z]: #=[VC] MemberRemoved 406489132 183a882c 907bb05b@4a95b6d2 ec66d094 0
[5020] [NRM] [VoiceChat] [External(0)] [External()] [2024-10-18T21:33:42.819Z]: #=[VC] ChannelConnection 00 0(0:811c9dc5) 406489132 183a882c Disconnected
[5020] [NRM] [VoiceChat] [External(0)] [External()] [2024-10-18T21:33:42.819Z]: #=[VC] MemberRemoved 406489132 183a882c 20854506@4a95b6d2 fcbe37ab 0
[5020] [NRM] [VoiceChat] [External(0)] [External()] [2024-10-18T21:33:42.854Z]: #=[VC] ChannelRemoved 406489132 183a882c 
[5020] [NRM] [VoiceChat] [External(0)] [External()] [2024-10-18T21:33:42.871Z]: ==[VC] Leave channel complete 406489132
[5020] [NRM] [VoiceChat] [External(0)] [External()] [2024-10-18T21:33:42.871Z]: #=[VC] ResponseMuteMember 1a 1(1001:bd0706aa) 
[5020] [ERR] [VoiceChat] [External(0)] [External()] [2024-10-18T21:33:42.871Z]: ==[VC] MuteMember failed 183a882c 907bb05b@4a95b6d2 1(1001:bd0706aa)
[5020] [ERR] [VoiceChat] [External(0)] [External()] [2024-10-18T21:33:42.919Z]: ==[VC] Channel not found for member modify 406489132 907bb05b@4a95b6d2
[5020] [NRM] [VoiceChat] [External(0)] [External()] [2024-10-18T21:33:44.852Z]: #=[VC] __SetTargetActiveChannelType(TEAM -> UNKNOWN) : 2
[5020] [NRM] [VoiceChat] [External(0)] [External()] [2024-10-18T21:33:47.852Z]: ==[VC] Request logout
[5020] [NRM] [VoiceChat] [External(0)] [External()] [2024-10-18T21:33:47.868Z]: ==[VC] Logout requested 9cd5d1da
[5020] [NRM] [VoiceChat] [External(0)] [External()] [2024-10-18T21:33:48.168Z]: #=[VC] ResponseLogout 1b 0(0:811c9dc5) 
[5020] [NRM] [VoiceChat] [External(0)] [External()] [2024-10-18T21:33:48.168Z]: #=[VC] LoggingOut 00 0(0:811c9dc5) 9cd5d1da
[5020] [NRM] [VoiceChat] [External(0)] [External()] [2024-10-18T21:33:48.168Z]: #=[VC] LoggedOut 00 0(0:811c9dc5) 9cd5d1da
[5020] [NRM] [VoiceChat] [External(0)] [External()] [2024-10-18T21:33:48.201Z]: ==[VC] Disconnect requested 05020230
[5020] [NRM] [VoiceChat] [External(0)] [External()] [2024-10-18T21:33:48.218Z]: #=[VC] ResponseDisconnect 1b 0(0:811c9dc5) 
[5020] [NRM] [VoiceChat] [External(0)] [External()] [2024-10-18T21:33:48.235Z]: ==[VC] Disconnect complete
[5020] [NRM] [VoiceChat] [External(0)] [External()] [2024-10-18T21:38:34.455Z]: #=[VC] ChatSystem switching to new TEAM channel: _?__ktA==__?_
[5020] [NRM] [VoiceChat] [External(0)] [External()] [2024-10-18T21:38:34.455Z]: ==[VC] LeaveAllVoiceChannels()
[5020] [NRM] [VoiceChat] [External(0)] [External()] [2024-10-18T21:38:34.455Z]: ==[VC] JoinVoiceChannel() _?__ktA==__?_ - TEAM - active = 1
[5020] [NRM] [VoiceChat] [External(0)] [External()] [2024-10-18T21:38:34.455Z]: ==[VC] Request channel transmit 2033278494 (true)
[5020] [NRM] [VoiceChat] [External(0)] [External()] [2024-10-18T21:38:34.455Z]: ==[VC] Request join channel TEAM 2033278494 79315e1e
[5020] [NRM] [VoiceChat] [External(0)] [External()] [2024-10-18T21:38:34.455Z]: #=[VC] __SetTargetActiveChannelType(UNKNOWN -> TEAM) : -2
[5020] [NRM] [VoiceChat] [External(0)] [External()] [2024-10-18T21:38:34.455Z]: ==[VC] Request login 58eb5137
[5020] [NRM] [VoiceChat] [External(0)] [External()] [2024-10-18T21:38:34.455Z]: ==[VC] Login credentials requested
[5020] [NRM] [VoiceChat] [External(0)] [External()] [2024-10-18T21:38:34.838Z]: #=[VC] LoginCredentials 1e 0 58eb5137 fcbe37ab 7d33d227
[5020] [NRM] [VoiceChat] [External(0)] [External()] [2024-10-18T21:38:34.838Z]: ==[VC] Connect requested 060203c3 7d33d227
[5020] [NRM] [VoiceChat] [External(0)] [External()] [2024-10-18T21:38:35.239Z]: #=[VC] ResponseConnect 1e 0(0:811c9dc5) 060203c3
[5020] [NRM] [VoiceChat] [External(0)] [External()] [2024-10-18T21:38:35.256Z]: ==[VC] Login requested 060203c3 9dd5d36d fcbe37ab 58eb5137
[5020] [NRM] [VoiceChat] [External(0)] [External()] [2024-10-18T21:38:35.322Z]: #=[VC] LoggingIn 00 0(0:811c9dc5) 9dd5d36d
[5020] [NRM] [VoiceChat] [External(0)] [External()] [2024-10-18T21:38:36.189Z]: #=[VC] ResponseLogin 1e 0(0:811c9dc5) 20854506@4a95b6d2
[5020] [NRM] [VoiceChat] [External(0)] [External()] [2024-10-18T21:38:36.189Z]: #=[VC] LoggedIn 00 0(0:811c9dc5) 9dd5d36d
[5020] [NRM] [VoiceChat] [External(0)] [External()] [2024-10-18T21:38:36.205Z]: ==[VC] Login complete 58eb5137 fcbe37ab 9dd5d36d 
[5020] [NRM] [VoiceChat] [External(0)] [External()] [2024-10-18T21:38:36.222Z]: ==[VC] Channel credentials requested TEAM 2033278494
[5020] [NRM] [VoiceChat] [External(0)] [External()] [2024-10-18T21:38:36.939Z]: #=[VC] ChannelCredentials 1d 0 79315e1e 450de5b4@4a95b6d2
[5020] [NRM] [VoiceChat] [External(0)] [External()] [2024-10-18T21:38:36.939Z]: ==[VC] Join channel requested 9dd5d36d 2033278494 450de5b4@4a95b6d2
[5020] [NRM] [VoiceChat] [External(0)] [External()] [2024-10-18T21:38:36.973Z]: #=[VC] ResponseJoinChannel 1d 0(0:811c9dc5) 2033278494
[5020] [NRM] [VoiceChat] [External(0)] [External()] [2024-10-18T21:38:36.989Z]: #=[VC] ChannelAdded 2033278494 79315e1e
[5020] [NRM] [VoiceChat] [External(0)] [External()] [2024-10-18T21:38:37.055Z]: #=[VC] ChannelConnection 00 0(0:811c9dc5) 2033278494 79315e1e Connecting
[5020] [NRM] [VoiceChat] [External(0)] [External()] [2024-10-18T21:38:37.155Z]: #=[VC] MemberAdded 2033278494 79315e1e 31c9cf89@4a95b6d2 81629716 false
[5020] [NRM] [VoiceChat] [External(0)] [External()] [2024-10-18T21:38:37.289Z]: #=[VC] ResponseMuteMember 1f 0(0:811c9dc5) 
[5020] [NRM] [VoiceChat] [External(0)] [External()] [2024-10-18T21:38:37.338Z]: #=[VC] MemberIDUpdate 2033278494 81629716 dc33ab84
[5020] [NRM] [VoiceChat] [External(0)] [External()] [2024-10-18T21:38:37.338Z]: ==[VC] Member identity updated 81629716 dc33ab84 86a8b3f4
[5020] [NRM] [VoiceChat] [External(0)] [External()] [2024-10-18T21:38:37.406Z]: #=[VC] ChannelConnection 00 0(0:811c9dc5) 2033278494 79315e1e Connected
[5020] [NRM] [VoiceChat] [External(0)] [External()] [2024-10-18T21:38:37.406Z]: #=[VC] MemberAdded 2033278494 79315e1e 20854506@4a95b6d2 fcbe37ab true
[5020] [NRM] [VoiceChat] [External(0)] [External()] [2024-10-18T21:38:37.422Z]: ==[VC] Join channel complete 2033278494
[5020] [NRM] [VoiceChat] [External(0)] [External()] [2024-10-18T21:38:37.438Z]: ==[VC] Channel transmit requested 2033278494 (true)
[5020] [NRM] [VoiceChat] [External(0)] [External()] [2024-10-18T21:38:37.455Z]: #=[VC] ResponseStartTransmit 1c 0(0:811c9dc5) 2033278494
[5020] [NRM] [VoiceChat] [External(0)] [External()] [2024-10-18T21:38:37.455Z]: ==[VC] OnJoinChannel NONE -> TEAM

[5020] [NRM] [VoiceChat] [External(0)] [External()] [2024-10-18T21:38:37.472Z]: ==[VC] Notified Lobby of Active channel NONE -> TEAM

[5020] [NRM] [VoiceChat] [External(0)] [External()] [2024-10-18T21:38:37.472Z]: ==[VC] Channel transmit set 2033278494 (true)
[5020] [NRM] [VoiceChat] [External(0)] [External()] [2024-10-18T21:38:37.639Z]: #=[VC] MemberIDUpdate 2033278494 fcbe37ab 58eb5137
[5020] [NRM] [VoiceChat] [External(0)] [External()] [2024-10-18T21:38:37.639Z]: ==[VC] Member identity updated fcbe37ab 58eb5137 86a8b3f4
[5020] [NRM] [VoiceChat] [External(0)] [External()] [2024-10-18T21:38:37.722Z]: #=[VC] ResponseMuteMember 20 0(0:811c9dc5) 
[5020] [NRM] [VoiceChat] [External(0)] [External()] [2024-10-18T21:38:47.873Z]: #=[VC] MemberAdded 2033278494 79315e1e 44b615a6@4a95b6d2 4bdaa1a3 false
[5020] [NRM] [VoiceChat] [External(0)] [External()] [2024-10-18T21:38:48.006Z]: #=[VC] ResponseMuteMember 21 0(0:811c9dc5) 
[5020] [NRM] [VoiceChat] [External(0)] [External()] [2024-10-18T21:38:48.023Z]: #=[VC] MemberIDUpdate 2033278494 4bdaa1a3 ba88d9c8
[5020] [NRM] [VoiceChat] [External(0)] [External()] [2024-10-18T21:38:48.023Z]: ==[VC] Member identity updated 4bdaa1a3 ba88d9c8 86a8b3f4
[5020] [NRM] [VoiceChat] [External(0)] [External()] [2024-10-18T21:38:48.189Z]: #=[VC] ResponseMuteMember 21 0(0:811c9dc5) 
[5020] [NRM] [VoiceChat] [External(0)] [External()] [2024-10-18T21:51:25.945Z]: #=[VC] ChatSystem leaving TEAM channel: _?__ktA==__?_
[5020] [NRM] [VoiceChat] [External(0)] [External()] [2024-10-18T21:51:25.945Z]: ==[VC] LeaveVoiceChannel() _?__ktA==__?_
[5020] [NRM] [VoiceChat] [External(0)] [External()] [2024-10-18T21:51:25.945Z]: ==[VC] Request leave channel 2033278494
[5020] [NRM] [VoiceChat] [External(0)] [External()] [2024-10-18T21:51:25.945Z]: ==[VC] Leave channel requested 2033278494 79315e1e
[5020] [NRM] [VoiceChat] [External(0)] [External()] [2024-10-18T21:51:25.955Z]: ==[VC] Notified Lobby of Active channel TEAM -> NONE

[5020] [NRM] [VoiceChat] [External(0)] [External()] [2024-10-18T21:51:25.986Z]: #=[VC] ChannelConnection 00 0(0:811c9dc5) 2033278494 79315e1e Disconnecting
[5020] [NRM] [VoiceChat] [External(0)] [External()] [2024-10-18T21:51:25.986Z]: #=[VC] ResponseLeaveChannel 22 0(0:811c9dc5) 79315e1e 2033278494
[5020] [NRM] [VoiceChat] [External(0)] [External()] [2024-10-18T21:51:25.986Z]: #=[VC] ChannelConnection 00 0(0:811c9dc5) 2033278494 79315e1e Disconnected
[5020] [NRM] [VoiceChat] [External(0)] [External()] [2024-10-18T21:51:25.986Z]: #=[VC] MemberRemoved 2033278494 79315e1e 20854506@4a95b6d2 fcbe37ab 0
[5020] [NRM] [VoiceChat] [External(0)] [External()] [2024-10-18T21:51:26.019Z]: #=[VC] ChannelRemoved 2033278494 79315e1e 
[5020] [NRM] [VoiceChat] [External(0)] [External()] [2024-10-18T21:51:26.036Z]: ==[VC] Leave channel complete 2033278494
[5020] [NRM] [VoiceChat] [External(0)] [External()] [2024-10-18T21:51:26.036Z]: #=[VC] ResponseMuteMember 23 1(1001:bd0706aa) 
[5020] [ERR] [VoiceChat] [External(0)] [External()] [2024-10-18T21:51:26.036Z]: ==[VC] MuteMember failed 79315e1e 31c9cf89@4a95b6d2 1(1001:bd0706aa)
[5020] [NRM] [VoiceChat] [External(0)] [External()] [2024-10-18T21:51:26.036Z]: #=[VC] ResponseMuteMember 24 1(1001:bd0706aa) 
[5020] [ERR] [VoiceChat] [External(0)] [External()] [2024-10-18T21:51:26.036Z]: ==[VC] MuteMember failed 79315e1e 44b615a6@4a95b6d2 1(1001:bd0706aa)
[5020] [ERR] [VoiceChat] [External(0)] [External()] [2024-10-18T21:51:26.087Z]: ==[VC] Channel not found for member modify 2033278494 31c9cf89@4a95b6d2
[5020] [ERR] [VoiceChat] [External(0)] [External()] [2024-10-18T21:51:26.087Z]: ==[VC] Channel not found for member modify 2033278494 44b615a6@4a95b6d2
[5020] [NRM] [VoiceChat] [External(0)] [External()] [2024-10-18T21:51:28.017Z]: #=[VC] __SetTargetActiveChannelType(TEAM -> UNKNOWN) : 2
[5020] [NRM] [VoiceChat] [External(0)] [External()] [2024-10-18T21:51:31.017Z]: ==[VC] Request logout
[5020] [NRM] [VoiceChat] [External(0)] [External()] [2024-10-18T21:51:31.034Z]: ==[VC] Logout requested 9dd5d36d
[5020] [NRM] [VoiceChat] [External(0)] [External()] [2024-10-18T21:51:31.100Z]: #=[VC] ResponseLogout 25 0(0:811c9dc5) 
[5020] [NRM] [VoiceChat] [External(0)] [External()] [2024-10-18T21:51:31.100Z]: #=[VC] LoggingOut 00 0(0:811c9dc5) 9dd5d36d
[5020] [NRM] [VoiceChat] [External(0)] [External()] [2024-10-18T21:51:31.101Z]: #=[VC] LoggedOut 00 0(0:811c9dc5) 9dd5d36d
[5020] [NRM] [VoiceChat] [External(0)] [External()] [2024-10-18T21:51:31.134Z]: ==[VC] Disconnect requested 060203c3
[5020] [NRM] [VoiceChat] [External(0)] [External()] [2024-10-18T21:51:31.151Z]: #=[VC] ResponseDisconnect 25 0(0:811c9dc5) 
[5020] [NRM] [VoiceChat] [External(0)] [External()] [2024-10-18T21:51:31.167Z]: ==[VC] Disconnect complete
[5020] [NRM] [VoiceChat] [External(0)] [External()] [2024-10-18T21:53:31.805Z]: #=[VC] ChatSystem switching to new TEAM channel: _?__3VQ==__?_
[5020] [NRM] [VoiceChat] [External(0)] [External()] [2024-10-18T21:53:31.805Z]: ==[VC] LeaveAllVoiceChannels()
[5020] [NRM] [VoiceChat] [External(0)] [External()] [2024-10-18T21:53:31.805Z]: ==[VC] JoinVoiceChannel() _?__3VQ==__?_ - TEAM - active = 1
[5020] [NRM] [VoiceChat] [External(0)] [External()] [2024-10-18T21:53:31.805Z]: ==[VC] Request channel transmit 2032538577 (true)
[5020] [NRM] [VoiceChat] [External(0)] [External()] [2024-10-18T21:53:31.805Z]: ==[VC] Request join channel TEAM 2032538577 f92613d1
[5020] [NRM] [VoiceChat] [External(0)] [External()] [2024-10-18T21:53:31.805Z]: #=[VC] __SetTargetActiveChannelType(UNKNOWN -> TEAM) : -2
[5020] [NRM] [VoiceChat] [External(0)] [External()] [2024-10-18T21:53:31.805Z]: ==[VC] Request login 58eb5137
[5020] [NRM] [VoiceChat] [External(0)] [External()] [2024-10-18T21:53:31.805Z]: ==[VC] Login credentials requested
[5020] [NRM] [VoiceChat] [External(0)] [External()] [2024-10-18T21:53:32.172Z]: #=[VC] LoginCredentials 28 0 58eb5137 fcbe37ab 7d33d227
[5020] [NRM] [VoiceChat] [External(0)] [External()] [2024-10-18T21:53:32.172Z]: ==[VC] Connect requested 0b020ba2 7d33d227
[5020] [NRM] [VoiceChat] [External(0)] [External()] [2024-10-18T21:53:39.555Z]: #=[VC] ResponseConnect 28 0(0:811c9dc5) 0b020ba2
[5020] [NRM] [VoiceChat] [External(0)] [External()] [2024-10-18T21:53:39.572Z]: ==[VC] Login requested 0b020ba2 96d5c868 fcbe37ab 58eb5137
[5020] [NRM] [VoiceChat] [External(0)] [External()] [2024-10-18T21:53:39.638Z]: #=[VC] LoggingIn 00 0(0:811c9dc5) 96d5c868
[5020] [NRM] [VoiceChat] [External(0)] [External()] [2024-10-18T21:53:41.005Z]: #=[VC] ResponseLogin 28 0(0:811c9dc5) 20854506@4a95b6d2
[5020] [NRM] [VoiceChat] [External(0)] [External()] [2024-10-18T21:53:41.005Z]: #=[VC] LoggedIn 00 0(0:811c9dc5) 96d5c868
[5020] [NRM] [VoiceChat] [External(0)] [External()] [2024-10-18T21:53:41.022Z]: ==[VC] Login complete 58eb5137 fcbe37ab 96d5c868 
[5020] [NRM] [VoiceChat] [External(0)] [External()] [2024-10-18T21:53:41.038Z]: ==[VC] Channel credentials requested TEAM 2032538577
[5020] [NRM] [VoiceChat] [External(0)] [External()] [2024-10-18T21:53:41.571Z]: #=[VC] ChannelCredentials 27 0 f92613d1 93151004@4a95b6d2
[5020] [NRM] [VoiceChat] [External(0)] [External()] [2024-10-18T21:53:41.571Z]: ==[VC] Join channel requested 96d5c868 2032538577 93151004@4a95b6d2
[5020] [NRM] [VoiceChat] [External(0)] [External()] [2024-10-18T21:53:41.605Z]: #=[VC] ResponseJoinChannel 27 0(0:811c9dc5) 2032538577
[5020] [NRM] [VoiceChat] [External(0)] [External()] [2024-10-18T21:53:41.622Z]: #=[VC] ChannelAdded 2032538577 f92613d1
[5020] [NRM] [VoiceChat] [External(0)] [External()] [2024-10-18T21:53:41.688Z]: #=[VC] MemberAdded 2032538577 f92613d1 e27b2cd9@4a95b6d2 31f54d5a false
[5020] [NRM] [VoiceChat] [External(0)] [External()] [2024-10-18T21:53:41.689Z]: #=[VC] MemberAdded 2032538577 f92613d1 ae9e2de2@4a95b6d2 ec6d0d89 false
[5020] [NRM] [VoiceChat] [External(0)] [External()] [2024-10-18T21:53:41.689Z]: #=[VC] MemberAdded 2032538577 f92613d1 3f994d4c@4a95b6d2 e01a479f false
[5020] [NRM] [VoiceChat] [External(0)] [External()] [2024-10-18T21:53:41.689Z]: #=[VC] MemberAdded 2032538577 f92613d1 d07b3774@4a95b6d2 8b1c2421 false
[5020] [NRM] [VoiceChat] [External(0)] [External()] [2024-10-18T21:53:41.689Z]: #=[VC] ChannelConnection 00 0(0:811c9dc5) 2032538577 f92613d1 Connecting
[5020] [NRM] [VoiceChat] [External(0)] [External()] [2024-10-18T21:53:41.771Z]: #=[VC] ResponseMuteMember 29 5(20000:2de0a63e) 
[5020] [ERR] [VoiceChat] [External(0)] [External()] [2024-10-18T21:53:41.771Z]: ==[VC] MuteMember failed f92613d1 e27b2cd9@4a95b6d2 5(20000:2de0a63e)
[5020] [ERR] [VoiceChat] [External(0)] [External()] [2024-10-18T21:53:41.788Z]: ==[VC] RequestTracker 26 expired
[5020] [ERR] [VoiceChat] [External(0)] [External()] [2024-10-18T21:53:41.788Z]: ==[VC] RequestTracker 27 expired
[5020] [ERR] [VoiceChat] [External(0)] [External()] [2024-10-18T21:53:41.788Z]: ==[VC] Join channel expired 2032538577 3
[5020] [NRM] [VoiceChat] [External(0)] [External()] [2024-10-18T21:53:41.788Z]: ==[VC] Request leave channel 2032538577
[5020] [NRM] [VoiceChat] [External(0)] [External()] [2024-10-18T21:53:41.788Z]: ==[VC] Leave channel requested 2032538577 f92613d1
[5020] [NRM] [VoiceChat] [External(0)] [External()] [2024-10-18T21:53:41.805Z]: #=[VC] ResponseLeaveChannel 2d 0(0:811c9dc5) f92613d1 2032538577
[5020] [NRM] [VoiceChat] [External(0)] [External()] [2024-10-18T21:53:41.821Z]: #=[VC] ChannelRemoved 2032538577 f92613d1 
[5020] [NRM] [VoiceChat] [External(0)] [External()] [2024-10-18T21:53:41.821Z]: #=[VC] ResponseMuteMember 2a 5(20000:2de0a63e) 
[5020] [ERR] [VoiceChat] [External(0)] [External()] [2024-10-18T21:53:41.821Z]: ==[VC] MuteMember failed f92613d1 ae9e2de2@4a95b6d2 5(20000:2de0a63e)
[5020] [NRM] [VoiceChat] [External(0)] [External()] [2024-10-18T21:53:41.821Z]: #=[VC] ResponseMuteMember 2b 5(20000:2de0a63e) 
[5020] [ERR] [VoiceChat] [External(0)] [External()] [2024-10-18T21:53:41.821Z]: ==[VC] MuteMember failed f92613d1 3f994d4c@4a95b6d2 5(20000:2de0a63e)
[5020] [NRM] [VoiceChat] [External(0)] [External()] [2024-10-18T21:53:41.838Z]: ==[VC] LeaveVoiceChannel() _?__3VQ==__?_
[5020] [ERR] [VoiceChat] [External(0)] [External()] [2024-10-18T21:53:41.838Z]: ==[VC] Channel not found for member modify 2032538577 e27b2cd9@4a95b6d2
[5020] [NRM] [VoiceChat] [External(0)] [External()] [2024-10-18T21:53:41.838Z]: ==[VC] Leave channel complete 2032538577
[5020] [NRM] [VoiceChat] [External(0)] [External()] [2024-10-18T21:53:41.872Z]: #=[VC] MemberIDUpdate 2032538577 31f54d5a 927cc93f
[5020] [ERR] [VoiceChat] [External(0)] [External()] [2024-10-18T21:53:41.872Z]: ==[VC] Member ID update for unknown channel 2032538577
[5020] [NRM] [VoiceChat] [External(0)] [External()] [2024-10-18T21:53:41.872Z]: #=[VC] MemberIDUpdate 2032538577 ec6d0d89 6e31cbe8
[5020] [ERR] [VoiceChat] [External(0)] [External()] [2024-10-18T21:53:41.872Z]: ==[VC] Member ID update for unknown channel 2032538577
[5020] [NRM] [VoiceChat] [External(0)] [External()] [2024-10-18T21:53:41.872Z]: #=[VC] MemberIDUpdate 2032538577 e01a479f e25bebb6
[5020] [ERR] [VoiceChat] [External(0)] [External()] [2024-10-18T21:53:41.872Z]: ==[VC] Member ID update for unknown channel 2032538577
[5020] [NRM] [VoiceChat] [External(0)] [External()] [2024-10-18T21:53:41.872Z]: #=[VC] MemberIDUpdate 2032538577 8b1c2421 9ea94b8d
[5020] [ERR] [VoiceChat] [External(0)] [External()] [2024-10-18T21:53:41.872Z]: ==[VC] Member ID update for unknown channel 2032538577
[5020] [ERR] [VoiceChat] [External(0)] [External()] [2024-10-18T21:53:41.872Z]: ==[VC] Channel not found for member modify 2032538577 ae9e2de2@4a95b6d2
[5020] [ERR] [VoiceChat] [External(0)] [External()] [2024-10-18T21:53:41.872Z]: ==[VC] Channel not found for member modify 2032538577 3f994d4c@4a95b6d2
[5020] [NRM] [VoiceChat] [External(0)] [External()] [2024-10-18T21:53:42.622Z]: #=[VC] ResponseMuteMember 2c 0(0:811c9dc5) 
[5020] [ERR] [VoiceChat] [External(0)] [External()] [2024-10-18T21:53:42.622Z]: ==[VC] Channel not found for member modify response 2032538577 d07b3774@4a95b6d2
[5020] [ERR] [VoiceChat] [External(0)] [External()] [2024-10-18T21:53:42.671Z]: ==[VC] Channel not found for member modify 2032538577 d07b3774@4a95b6d2
[5020] [NRM] [VoiceChat] [External(0)] [External()] [2024-10-18T21:53:43.839Z]: #=[VC] ChatSystem switching to new TEAM channel: _?__3VQ==__?_
[5020] [NRM] [VoiceChat] [External(0)] [External()] [2024-10-18T21:53:43.839Z]: ==[VC] LeaveAllVoiceChannels()
[5020] [NRM] [VoiceChat] [External(0)] [External()] [2024-10-18T21:53:43.839Z]: ==[VC] JoinVoiceChannel() _?__3VQ==__?_ - TEAM - active = 1
[5020] [NRM] [VoiceChat] [External(0)] [External()] [2024-10-18T21:53:43.839Z]: ==[VC] Request channel transmit 2032538577 (true)
[5020] [NRM] [VoiceChat] [External(0)] [External()] [2024-10-18T21:53:43.839Z]: ==[VC] Request join channel TEAM 2032538577 f92613d1
[5020] [NRM] [VoiceChat] [External(0)] [External()] [2024-10-18T21:53:43.839Z]: ==[VC] Channel credentials requested TEAM 2032538577
[5020] [NRM] [VoiceChat] [External(0)] [External()] [2024-10-18T21:53:44.455Z]: #=[VC] ChannelCredentials 2f 0 f92613d1 93151004@4a95b6d2
[5020] [NRM] [VoiceChat] [External(0)] [External()] [2024-10-18T21:53:44.455Z]: ==[VC] Join channel requested 96d5c868 2032538577 93151004@4a95b6d2
[5020] [NRM] [VoiceChat] [External(0)] [External()] [2024-10-18T21:53:44.490Z]: #=[VC] ResponseJoinChannel 2f 0(0:811c9dc5) 2032538577
[5020] [NRM] [VoiceChat] [External(0)] [External()] [2024-10-18T21:53:44.506Z]: #=[VC] ChannelAdded 2032538577 f92613d1
[5020] [NRM] [VoiceChat] [External(0)] [External()] [2024-10-18T21:53:44.557Z]: #=[VC] ChannelConnection 00 0(0:811c9dc5) 2032538577 f92613d1 Connecting
[5020] [NRM] [VoiceChat] [External(0)] [External()] [2024-10-18T21:53:44.822Z]: #=[VC] ChannelConnection 00 0(0:811c9dc5) 2032538577 f92613d1 Connected
[5020] [NRM] [VoiceChat] [External(0)] [External()] [2024-10-18T21:53:44.822Z]: #=[VC] MemberAdded 2032538577 f92613d1 20854506@4a95b6d2 fcbe37ab true
[5020] [NRM] [VoiceChat] [External(0)] [External()] [2024-10-18T21:53:44.838Z]: ==[VC] Join channel complete 2032538577
[5020] [NRM] [VoiceChat] [External(0)] [External()] [2024-10-18T21:53:44.855Z]: ==[VC] Channel transmit requested 2032538577 (true)
[5020] [NRM] [VoiceChat] [External(0)] [External()] [2024-10-18T21:53:44.871Z]: #=[VC] ResponseStartTransmit 2e 0(0:811c9dc5) 2032538577
[5020] [NRM] [VoiceChat] [External(0)] [External()] [2024-10-18T21:53:44.871Z]: ==[VC] OnJoinChannel NONE -> TEAM

[5020] [NRM] [VoiceChat] [External(0)] [External()] [2024-10-18T21:53:44.888Z]: ==[VC] Notified Lobby of Active channel NONE -> TEAM

[5020] [NRM] [VoiceChat] [External(0)] [External()] [2024-10-18T21:53:44.888Z]: ==[VC] Channel transmit set 2032538577 (true)
[5020] [NRM] [VoiceChat] [External(0)] [External()] [2024-10-18T21:53:45.055Z]: #=[VC] MemberIDUpdate 2032538577 fcbe37ab 58eb5137
[5020] [NRM] [VoiceChat] [External(0)] [External()] [2024-10-18T21:53:45.055Z]: ==[VC] Member identity updated fcbe37ab 58eb5137 86a8b3f4
[5020] [NRM] [VoiceChat] [External(0)] [External()] [2024-10-18T21:59:47.826Z]: #=[VC] MuteInput 30 0(0:811c9dc5) 
[5020] [NRM] [VoiceChat] [External(0)] [External()] [2024-10-18T21:59:47.926Z]: #=[VC] MuteInput 30 0(0:811c9dc5) 
[5020] [NRM] [VoiceChat] [External(0)] [External()] [2024-10-18T22:01:45.209Z]: #=[VC] ChatSystem leaving TEAM channel: _?__3VQ==__?_
[5020] [NRM] [VoiceChat] [External(0)] [External()] [2024-10-18T22:01:45.209Z]: ==[VC] LeaveVoiceChannel() _?__3VQ==__?_
[5020] [NRM] [VoiceChat] [External(0)] [External()] [2024-10-18T22:01:45.209Z]: ==[VC] Request leave channel 2032538577
[5020] [NRM] [VoiceChat] [External(0)] [External()] [2024-10-18T22:01:45.209Z]: ==[VC] Leave channel requested 2032538577 f92613d1
[5020] [NRM] [VoiceChat] [External(0)] [External()] [2024-10-18T22:01:45.218Z]: ==[VC] Notified Lobby of Active channel TEAM -> NONE

[5020] [NRM] [VoiceChat] [External(0)] [External()] [2024-10-18T22:01:45.283Z]: #=[VC] ChannelConnection 00 0(0:811c9dc5) 2032538577 f92613d1 Disconnecting
[5020] [NRM] [VoiceChat] [External(0)] [External()] [2024-10-18T22:01:45.283Z]: #=[VC] ResponseLeaveChannel 31 0(0:811c9dc5) f92613d1 2032538577
[5020] [NRM] [VoiceChat] [External(0)] [External()] [2024-10-18T22:01:45.283Z]: #=[VC] ChannelConnection 00 0(0:811c9dc5) 2032538577 f92613d1 Disconnected
[5020] [NRM] [VoiceChat] [External(0)] [External()] [2024-10-18T22:01:45.283Z]: #=[VC] MemberRemoved 2032538577 f92613d1 20854506@4a95b6d2 fcbe37ab 0
[5020] [NRM] [VoiceChat] [External(0)] [External()] [2024-10-18T22:01:45.301Z]: #=[VC] ChannelRemoved 2032538577 f92613d1 
[5020] [NRM] [VoiceChat] [External(0)] [External()] [2024-10-18T22:01:45.317Z]: ==[VC] Leave channel complete 2032538577
[5020] [NRM] [VoiceChat] [External(0)] [External()] [2024-10-18T22:01:47.299Z]: #=[VC] __SetTargetActiveChannelType(TEAM -> UNKNOWN) : 2
[5020] [NRM] [VoiceChat] [External(0)] [External()] [2024-10-18T22:01:50.298Z]: ==[VC] Request logout
[5020] [NRM] [VoiceChat] [External(0)] [External()] [2024-10-18T22:01:50.315Z]: ==[VC] Logout requested 96d5c868
[5020] [NRM] [VoiceChat] [External(0)] [External()] [2024-10-18T22:01:50.381Z]: #=[VC] ResponseLogout 32 0(0:811c9dc5) 
[5020] [NRM] [VoiceChat] [External(0)] [External()] [2024-10-18T22:01:50.381Z]: #=[VC] LoggingOut 00 0(0:811c9dc5) 96d5c868
[5020] [NRM] [VoiceChat] [External(0)] [External()] [2024-10-18T22:01:50.381Z]: #=[VC] LoggedOut 00 0(0:811c9dc5) 96d5c868
[5020] [NRM] [VoiceChat] [External(0)] [External()] [2024-10-18T22:01:50.415Z]: ==[VC] Disconnect requested 0b020ba2
[5020] [NRM] [VoiceChat] [External(0)] [External()] [2024-10-18T22:01:50.431Z]: #=[VC] ResponseDisconnect 32 0(0:811c9dc5) 
[5020] [NRM] [VoiceChat] [External(0)] [External()] [2024-10-18T22:01:50.448Z]: ==[VC] Disconnect complete
[5020] [NRM] [VoiceChat] [External(0)] [External()] [2024-10-18T22:05:07.082Z]: #=[VC] ChatSystem switching to new TEAM channel: _?__5Pw==__?_
[5020] [NRM] [VoiceChat] [External(0)] [External()] [2024-10-18T22:05:07.082Z]: ==[VC] LeaveAllVoiceChannels()
[5020] [NRM] [VoiceChat] [External(0)] [External()] [2024-10-18T22:05:07.082Z]: ==[VC] JoinVoiceChannel() _?__5Pw==__?_ - TEAM - active = 1
[5020] [NRM] [VoiceChat] [External(0)] [External()] [2024-10-18T22:05:07.082Z]: ==[VC] Request channel transmit 571107557 (true)
[5020] [NRM] [VoiceChat] [External(0)] [External()] [2024-10-18T22:05:07.082Z]: ==[VC] Request join channel TEAM 571107557 220a68e5
[5020] [NRM] [VoiceChat] [External(0)] [External()] [2024-10-18T22:05:07.082Z]: #=[VC] __SetTargetActiveChannelType(UNKNOWN -> TEAM) : -2
[5020] [NRM] [VoiceChat] [External(0)] [External()] [2024-10-18T22:05:07.082Z]: ==[VC] Request login 58eb5137
[5020] [NRM] [VoiceChat] [External(0)] [External()] [2024-10-18T22:05:07.082Z]: ==[VC] Login credentials requested
[5020] [NRM] [VoiceChat] [External(0)] [External()] [2024-10-18T22:05:07.549Z]: #=[VC] LoginCredentials 35 0 58eb5137 fcbe37ab 7d33d227
[5020] [NRM] [VoiceChat] [External(0)] [External()] [2024-10-18T22:05:07.549Z]: ==[VC] Connect requested 0c020d35 7d33d227
[5020] [NRM] [VoiceChat] [External(0)] [External()] [2024-10-18T22:05:07.915Z]: #=[VC] ResponseConnect 35 0(0:811c9dc5) 0c020d35
[5020] [NRM] [VoiceChat] [External(0)] [External()] [2024-10-18T22:05:07.931Z]: ==[VC] Login requested 0c020d35 97d5c9fb fcbe37ab 58eb5137
[5020] [NRM] [VoiceChat] [External(0)] [External()] [2024-10-18T22:05:07.998Z]: #=[VC] LoggingIn 00 0(0:811c9dc5) 97d5c9fb
[5020] [NRM] [VoiceChat] [External(0)] [External()] [2024-10-18T22:05:08.849Z]: #=[VC] ResponseLogin 35 0(0:811c9dc5) 20854506@4a95b6d2
[5020] [NRM] [VoiceChat] [External(0)] [External()] [2024-10-18T22:05:08.849Z]: #=[VC] LoggedIn 00 0(0:811c9dc5) 97d5c9fb
[5020] [NRM] [VoiceChat] [External(0)] [External()] [2024-10-18T22:05:08.865Z]: ==[VC] Login complete 58eb5137 fcbe37ab 97d5c9fb 
[5020] [NRM] [VoiceChat] [External(0)] [External()] [2024-10-18T22:05:08.882Z]: ==[VC] Channel credentials requested TEAM 571107557
[5020] [NRM] [VoiceChat] [External(0)] [External()] [2024-10-18T22:05:09.431Z]: #=[VC] ChannelCredentials 34 0 220a68e5 19d0e6a8@4a95b6d2
[5020] [NRM] [VoiceChat] [External(0)] [External()] [2024-10-18T22:05:09.432Z]: ==[VC] Join channel requested 97d5c9fb 571107557 19d0e6a8@4a95b6d2
[5020] [NRM] [VoiceChat] [External(0)] [External()] [2024-10-18T22:05:09.465Z]: #=[VC] ResponseJoinChannel 34 0(0:811c9dc5) 571107557
[5020] [NRM] [VoiceChat] [External(0)] [External()] [2024-10-18T22:05:09.482Z]: #=[VC] ChannelAdded 571107557 220a68e5
[5020] [NRM] [VoiceChat] [External(0)] [External()] [2024-10-18T22:05:09.565Z]: #=[VC] MemberAdded 571107557 220a68e5 e6a4d7ed@4a95b6d2 cd2b93c4 false
[5020] [NRM] [VoiceChat] [External(0)] [External()] [2024-10-18T22:05:09.565Z]: #=[VC] ChannelConnection 00 0(0:811c9dc5) 571107557 220a68e5 Connecting
[5020] [NRM] [VoiceChat] [External(0)] [External()] [2024-10-18T22:05:09.715Z]: #=[VC] ResponseMuteMember 36 5(20000:2de0a63e) 
[5020] [ERR] [VoiceChat] [External(0)] [External()] [2024-10-18T22:05:09.715Z]: ==[VC] MuteMember failed 220a68e5 e6a4d7ed@4a95b6d2 5(20000:2de0a63e)
[5020] [NRM] [VoiceChat] [External(0)] [External()] [2024-10-18T22:05:09.732Z]: #=[VC] MemberIDUpdate 571107557 cd2b93c4 b0fe745f
[5020] [NRM] [VoiceChat] [External(0)] [External()] [2024-10-18T22:05:09.732Z]: ==[VC] Member identity updated cd2b93c4 b0fe745f 86a8b3f4
[5020] [NRM] [VoiceChat] [External(0)] [External()] [2024-10-18T22:05:09.865Z]: #=[VC] ChannelConnection 00 0(0:811c9dc5) 571107557 220a68e5 Connected
[5020] [NRM] [VoiceChat] [External(0)] [External()] [2024-10-18T22:05:09.865Z]: #=[VC] MemberAdded 571107557 220a68e5 20854506@4a95b6d2 fcbe37ab true
[5020] [NRM] [VoiceChat] [External(0)] [External()] [2024-10-18T22:05:09.882Z]: ==[VC] Join channel complete 571107557
[5020] [NRM] [VoiceChat] [External(0)] [External()] [2024-10-18T22:05:09.899Z]: ==[VC] Channel transmit requested 571107557 (true)
[5020] [NRM] [VoiceChat] [External(0)] [External()] [2024-10-18T22:05:09.915Z]: #=[VC] ResponseStartTransmit 33 0(0:811c9dc5) 571107557
[5020] [NRM] [VoiceChat] [External(0)] [External()] [2024-10-18T22:05:09.915Z]: ==[VC] OnJoinChannel NONE -> TEAM

[5020] [NRM] [VoiceChat] [External(0)] [External()] [2024-10-18T22:05:09.933Z]: ==[VC] Notified Lobby of Active channel NONE -> TEAM

[5020] [NRM] [VoiceChat] [External(0)] [External()] [2024-10-18T22:05:09.933Z]: ==[VC] Channel transmit set 571107557 (true)
[5020] [NRM] [VoiceChat] [External(0)] [External()] [2024-10-18T22:05:10.032Z]: #=[VC] MemberIDUpdate 571107557 fcbe37ab 58eb5137
[5020] [NRM] [VoiceChat] [External(0)] [External()] [2024-10-18T22:05:10.032Z]: ==[VC] Member identity updated fcbe37ab 58eb5137 86a8b3f4
[5020] [NRM] [VoiceChat] [External(0)] [External()] [2024-10-18T22:05:12.032Z]: #=[VC] MemberAdded 571107557 220a68e5 198f3881@4a95b6d2 ee0d9108 false
[5020] [NRM] [VoiceChat] [External(0)] [External()] [2024-10-18T22:05:12.149Z]: #=[VC] ResponseMuteMember 37 0(0:811c9dc5) 
[5020] [NRM] [VoiceChat] [External(0)] [External()] [2024-10-18T22:05:12.233Z]: #=[VC] MemberIDUpdate 571107557 ee0d9108 4041aeb5
[5020] [NRM] [VoiceChat] [External(0)] [External()] [2024-10-18T22:05:12.233Z]: ==[VC] Member identity updated ee0d9108 4041aeb5 86a8b3f4
[5020] [NRM] [VoiceChat] [External(0)] [External()] [2024-10-18T22:05:12.383Z]: #=[VC] ResponseMuteMember 38 0(0:811c9dc5) 
[5020] [NRM] [VoiceChat] [External(0)] [External()] [2024-10-18T22:05:26.500Z]: #=[VC] MemberAdded 571107557 220a68e5 2abc1e1c@4a95b6d2 73eda2f5 false
[5020] [NRM] [VoiceChat] [External(0)] [External()] [2024-10-18T22:05:26.633Z]: #=[VC] ResponseMuteMember 39 0(0:811c9dc5) 
[5020] [NRM] [VoiceChat] [External(0)] [External()] [2024-10-18T22:05:26.650Z]: #=[VC] MemberIDUpdate 571107557 73eda2f5 2a62551b
[5020] [NRM] [VoiceChat] [External(0)] [External()] [2024-10-18T22:05:26.650Z]: ==[VC] Member identity updated 73eda2f5 2a62551b 86a8b3f4
[5020] [NRM] [VoiceChat] [External(0)] [External()] [2024-10-18T22:05:26.783Z]: #=[VC] ResponseMuteMember 39 0(0:811c9dc5) 
[5020] [ERR] [VoiceChat] [External(0)] [External()] [2024-10-18T22:17:31.817Z]: ==[VC] RequestTracker 3a expired
[5020] [NRM] [VoiceChat] [External(0)] [External()] [2024-10-18T22:17:31.867Z]: #=[VC] LoggedOut 00 0(0:811c9dc5) 97d5c9fb
[5020] [ERR] [VoiceChat] [External(0)] [External()] [2024-10-18T22:17:31.867Z]: ==[VC] Unexpected logout
[5020] [NRM] [VoiceChat] [External(0)] [External()] [2024-10-18T22:17:31.867Z]: ==[VC] Request stop
[5020] [NRM] [VoiceChat] [External(0)] [External()] [2024-10-18T22:17:31.867Z]: ==[VC] Cancel all queued trackers 1
[5020] [NRM] [VoiceChat] [External(0)] [External()] [2024-10-18T22:17:31.867Z]: ==[VC] Request logout
[5020] [NRM] [VoiceChat] [External(0)] [External()] [2024-10-18T22:17:31.867Z]: ==[VC] Request leave channel 571107557
[5020] [NRM] [VoiceChat] [External(0)] [External()] [2024-10-18T22:17:31.883Z]: ==[VC] Destroy voice client
[5020] [NRM] [VoiceChat] [External(0)] [External()] [2024-10-18T22:17:31.883Z]: ==[VC] AboutToShutdown
[5020] [NRM] [VoiceChat] [External(0)] [External()] [2024-10-18T22:17:31.883Z]: ==[VC] Shutdown
[5020] [ERR] [VoiceChat] [External(0)] [External()] [2024-10-18T22:17:31.883Z]: ==[VC] Force destroy 6
[5020] [ERR] [VoiceChat] [External(0)] [External()] [2024-10-18T22:17:31.883Z]: ==[VC] Force destroy 5
[5020] [ERR] [VoiceChat] [External(0)] [External()] [2024-10-18T22:17:31.883Z]: ==[VC] Force destroy 1
[5020] [ERR] [VoiceChat] [External(0)] [External()] [2024-10-18T22:17:31.883Z]: ==[VC] Force destroy 2
[5020] [ERR] [VoiceChat] [External(0)] [External()] [2024-10-18T22:17:31.883Z]: ==[VC] Stop request failed. Forcing stop state
[5020] [NRM] [VoiceChat] [External(0)] [External()] [2024-10-18T22:17:48.750Z]: #=[VC] ChatSystem leaving TEAM channel: _?__5Pw==__?_
[5020] [NRM] [VoiceChat] [External(0)] [External()] [2024-10-18T22:17:48.750Z]: ==[VC] LeaveVoiceChannel() _?__5Pw==__?_
[5020] [NRM] [VoiceChat] [External(0)] [External()] [2024-10-18T22:17:48.750Z]: ==[VC] Request leave channel 571107557
[5020] [NRM] [VoiceChat] [External(0)] [External()] [2024-10-18T22:18:06.855Z]: ==[VC] Client begin initialize
[5020] [NRM] [VoiceChat] [External(0)] [External()] [2024-10-18T22:18:06.861Z]: ==[VC] Client initialized
[5020] [NRM] [VoiceChat] [External(0)] [External()] [2024-10-18T22:18:06.861Z]: ==[VC] DetermineVoiceChatAudioDevices
[5020] [ERR] [VoiceChat] [External(0)] [External()] [2024-10-18T22:18:06.862Z]: ==[VC] Force destroy 5
[5020] [NRM] [VoiceChat] [External(0)] [External()] [2024-10-18T22:18:06.862Z]: ==[VC] Devices started
[5020] [NRM] [VoiceChat] [External(0)] [External()] [2024-10-18T22:18:06.862Z]: ==[VC] Client started
[5020] [NRM] [VoiceChat] [External(0)] [External()] [2024-10-18T22:18:06.863Z]: ==[VC] SetTargetOutputDevice VG280K (NVIDIA High Definition Audio)
[5020] [NRM] [VoiceChat] [External(0)] [External()] [2024-10-18T22:18:06.863Z]: ==[VC] SetTargetInputDevice Microphone (Yeti X)
[5020] [NRM] [VoiceChat] [External(0)] [External()] [2024-10-18T22:18:06.922Z]: #=[VC] ResponseGetOutputDevices 40 0(0:811c9dc5) (Default System Device|Default System Device) ({0.0.0.00000000}.{6aa8b152-6192-4092-b0af-9087941e38eb}|VG280K (NVIDIA High Definition Audio)) ({0.0.0.00000000}.{6aa8b152-6192-4092-b0af-9087941e38eb}|VG280K (NVIDIA High Definition Audio)) ({0.0.0.00000000}.{f0208920-b408-4578-8187-d5f9a1ce933a}|Speakers (Yeti X))
[5020] [NRM] [VoiceChat] [External(0)] [External()] [2024-10-18T22:18:06.922Z]: ==[VC] Output devices added [(Default Communication Device|Default Communication Device),(Default System Device|Default System Device),(No Device|No Device),({0.0.0.00000000}.{6aa8b152-6192-4092-b0af-9087941e38eb}|VG280K (NVIDIA High Definition Audio)),({0.0.0.00000000}.{e4fcf9d4-ec01-4b6c-b782-2e0b262154a0}|Speakers (G432 Gaming Headset)),({0.0.0.00000000}.{ed11b98b-6124-4fcb-9388-20aa81f28665}|Digital Audio (S/PDIF) (High Definition Audio Device)),({0.0.0.00000000}.{f0208920-b408-4578-8187-d5f9a1ce933a}|Speakers (Yeti X))]
[5020] [NRM] [VoiceChat] [External(0)] [External()] [2024-10-18T22:18:06.922Z]: ==[VC] New active output device (Default System Device|Default System Device)
[5020] [NRM] [VoiceChat] [External(0)] [External()] [2024-10-18T22:18:06.940Z]: ==[VC] SetTargetOutputDevice VG280K (NVIDIA High Definition Audio)
[5020] [NRM] [VoiceChat] [External(0)] [External()] [2024-10-18T22:18:06.942Z]: ==[VC] SetTargetInputDevice Microphone (Yeti X)
[5020] [NRM] [VoiceChat] [External(0)] [External()] [2024-10-18T22:18:06.955Z]: #=[VC] ResponseGetInputDevices 40 0(0:811c9dc5) (Default System Device|Default System Device) ({0.0.1.00000000}.{753ec69b-8508-48dc-b2f1-6a9331832808}|Microphone (Yeti X)) ({0.0.1.00000000}.{753ec69b-8508-48dc-b2f1-6a9331832808}|Microphone (Yeti X)) ({0.0.1.00000000}.{753ec69b-8508-48dc-b2f1-6a9331832808}|Microphone (Yeti X))
[5020] [NRM] [VoiceChat] [External(0)] [External()] [2024-10-18T22:18:06.955Z]: ==[VC] Input devices added [(Default Communication Device|Default Communication Device),(Default System Device|Default System Device),(No Device|No Device),({0.0.1.00000000}.{753ec69b-8508-48dc-b2f1-6a9331832808}|Microphone (Yeti X)),({0.0.1.00000000}.{edcaa9e7-3cc2-4d23-9036-62fcfc446970}|Microphone (G432 Gaming Headset))]
[5020] [NRM] [VoiceChat] [External(0)] [External()] [2024-10-18T22:18:06.955Z]: ==[VC] New active input device (Default System Device|Default System Device)
[5020] [NRM] [VoiceChat] [External(0)] [External()] [2024-10-18T22:18:06.974Z]: ==[VC] SetTargetOutputDevice VG280K (NVIDIA High Definition Audio)
[5020] [NRM] [VoiceChat] [External(0)] [External()] [2024-10-18T22:18:06.975Z]: ==[VC] SetTargetInputDevice Microphone (Yeti X)
[5020] [NRM] [VoiceChat] [External(0)] [External()] [2024-10-18T22:18:07.039Z]: #=[VC] ResponseGetOutputDevices 40 0(0:811c9dc5) (Default System Device|Default System Device) ({0.0.0.00000000}.{6aa8b152-6192-4092-b0af-9087941e38eb}|VG280K (NVIDIA High Definition Audio)) ({0.0.0.00000000}.{6aa8b152-6192-4092-b0af-9087941e38eb}|VG280K (NVIDIA High Definition Audio)) ({0.0.0.00000000}.{f0208920-b408-4578-8187-d5f9a1ce933a}|Speakers (Yeti X))
[5020] [NRM] [VoiceChat] [External(0)] [External()] [2024-10-18T22:18:07.055Z]: #=[VC] ResponseGetInputDevices 40 0(0:811c9dc5) (Default System Device|Default System Device) ({0.0.1.00000000}.{753ec69b-8508-48dc-b2f1-6a9331832808}|Microphone (Yeti X)) ({0.0.1.00000000}.{753ec69b-8508-48dc-b2f1-6a9331832808}|Microphone (Yeti X)) ({0.0.1.00000000}.{753ec69b-8508-48dc-b2f1-6a9331832808}|Microphone (Yeti X))
[5020] [NRM] [VoiceChat] [External(0)] [External()] [2024-10-18T22:18:07.106Z]: ==[VC] RequestSetActiveOutputDevice ({0.0.0.00000000}.{6aa8b152-6192-4092-b0af-9087941e38eb}|VG280K (NVIDIA High Definition Audio))
[5020] [NRM] [VoiceChat] [External(0)] [External()] [2024-10-18T22:18:07.106Z]: ==[VC] RequestSetActiveInputDevice ({0.0.1.00000000}.{753ec69b-8508-48dc-b2f1-6a9331832808}|Microphone (Yeti X))
[5020] [NRM] [VoiceChat] [External(0)] [External()] [2024-10-18T22:18:07.122Z]: #=[VC] ResponseSetActiveOutputDevice 41 0(0:811c9dc5) 
[5020] [NRM] [VoiceChat] [External(0)] [External()] [2024-10-18T22:18:07.122Z]: ==[VC] New active output device ({0.0.0.00000000}.{6aa8b152-6192-4092-b0af-9087941e38eb}|VG280K (NVIDIA High Definition Audio))
[5020] [NRM] [VoiceChat] [External(0)] [External()] [2024-10-18T22:18:07.122Z]: #=[VC] ResponseSetActiveInputDevice 41 0(0:811c9dc5) 
[5020] [NRM] [VoiceChat] [External(0)] [External()] [2024-10-18T22:18:07.122Z]: ==[VC] New active input device ({0.0.1.00000000}.{753ec69b-8508-48dc-b2f1-6a9331832808}|Microphone (Yeti X))
[5020] [NRM] [VoiceChat] [External(0)] [External()] [2024-10-18T22:18:08.856Z]: #=[VC] __SetTargetActiveChannelType(TEAM -> UNKNOWN) : 2
[5020] [NRM] [VoiceChat] [External(0)] [External()] [2024-10-18T22:46:43.411Z]: #=[VC] Auto-Join Enabled Flags 0005 -> 0000
